<?xml version="1.0" encoding="UTF-8"?>
<!-- Generated by org.testng.reporters.JUnitXMLReporter -->
<testsuite ignored="0" hostname="DESKTOP-MVAG0EU" failures="0" tests="16" name="Default test" time="0.716" errors="0" timestamp="2023-11-29T18:04:06 IST">
  <testcase classname="annotations.ParamwithExcel" name="testCase1" time="0.015"/>
  <testcase classname="annotations.ParamwithExcel" name="testCase1" time="0.002"/>
  <testcase classname="annotations.ParamwithExcel" name="testCase1" time="0.002"/>
  <testcase classname="annotations.ParamwithExcel" name="testCase1" time="0.001"/>
  <testcase classname="annotations.ParamwithExcel" name="testCase1" time="0.0"/>
  <testcase classname="annotations.ParamwithExcel" name="testCase1" time="0.0"/>
  <testcase classname="annotations.ParamwithExcel" name="testCase1" time="0.003"/>
  <testcase classname="annotations.ParamwithExcel" name="testCase1" time="0.001"/>
  <testcase classname="annotations.ParamwithExcel" name="testCase1" time="0.002"/>
  <testcase classname="annotations.ParamwithExcel" name="testCase1" time="0.001"/>
  <testcase classname="annotations.ParamwithExcel" name="testCase1" time="0.001"/>
  <testcase classname="annotations.ParamwithExcel" name="testCase1" time="0.001"/>
  <testcase classname="annotations.ParamwithExcel" name="testCase1" time="0.002"/>
  <testcase classname="annotations.ParamwithExcel" name="testCase1" time="0.001"/>
  <testcase classname="annotations.ParamwithExcel" name="testCase1" time="0.001"/>
  <testcase classname="annotations.ParamwithExcel" name="testCase1" time="0.001"/>
</testsuite> <!-- Default test -->
