<?xml version="1.0" encoding="UTF-8"?>
<!-- Generated by org.testng.reporters.JUnitXMLReporter -->
<testsuite ignored="0" hostname="DESKTOP-MVAG0EU" failures="1" tests="28" name="Test" time="0.885" errors="0" timestamp="2023-12-01T10:31:12 IST">
  <testcase classname="annotations.SoftAssertEx" name="testCase1" time="0.02">
    <failure type="java.lang.AssertionError" message="The following asserts failed:
	Comparing number of links expected [10] but found [12],
	comapring two strings expected [Bengalooru] but found [Bangalore]">
      <![CDATA[java.lang.AssertionError: The following asserts failed:
Comparing number of links expected [10] but found [12],
comapring two strings expected [Bengalooru] but found [Bangalore]
at annotations.SoftAssertEx.testCase1(SoftAssertEx.java:20)
at java.base/java.util.ArrayList.forEach(ArrayList.java:1511)
... Removed 29 stack frames]]>
    </failure>
  </testcase> <!-- testCase1 -->
  <testcase classname="annotations.ParamwithExcel" name="testCase1" time="0.001"/>
  <testcase classname="annotations.ParamwithExcel" name="testCase1" time="0.001"/>
  <testcase classname="annotations.ParamwithExcel" name="testCase1" time="0.001"/>
  <testcase classname="annotations.ParamwithExcel" name="testCase1" time="0.0"/>
  <testcase classname="annotations.ParamwithExcel" name="testCase1" time="0.0"/>
  <testcase classname="annotations.ParamwithExcel" name="testCase1" time="0.001"/>
  <testcase classname="annotations.ParamwithExcel" name="testCase1" time="0.001"/>
  <testcase classname="annotations.ParamwithExcel" name="testCase1" time="0.001"/>
  <testcase classname="annotations.ParamwithExcel" name="testCase1" time="0.001"/>
  <testcase classname="annotations.ParamwithExcel" name="testCase1" time="0.001"/>
  <testcase classname="annotations.ParamwithExcel" name="testCase1" time="0.0"/>
  <testcase classname="annotations.ParamwithExcel" name="testCase1" time="0.001"/>
  <testcase classname="annotations.ParamwithExcel" name="testCase1" time="0.001"/>
  <testcase classname="annotations.ParamwithExcel" name="testCase1" time="0.0"/>
  <testcase classname="annotations.ParamwithExcel" name="testCase1" time="0.0"/>
  <testcase classname="annotations.ParamwithExcel" name="testCase1" time="0.001"/>
  <testcase classname="annotations.HardAssert" name="testCase1" time="0.001"/>
  <testcase classname="annotations.Annot" name="testCase1" time="0.001"/>
  <testcase classname="annotations.Annot" name="testCase2" time="0.001"/>
  <testcase classname="annotations.Annot" name="testCase3" time="0.0"/>
  <testcase classname="annotations.Order" name="login" time="0.0"/>
  <testcase classname="annotations.Order" name="composemail" time="0.001"/>
  <testcase classname="annotations.Order" name="Deletemail" time="0.001"/>
  <testcase classname="annotations.ParamWithArray" name="testCase1" time="0.001"/>
  <testcase classname="annotations.ParamWithArray" name="testCase1" time="0.0"/>
  <testcase classname="annotations.ParamWithArray" name="testCase1" time="0.0"/>
  <testcase classname="annotations.Snippet" name="workWithExcel" time="0.367"/>
</testsuite> <!-- Test -->
